[2019-02-15 18:02:57:930] [INFO ] [main] [pay-merchant-service] [org.springframework.context.annotation.AnnotationConfigApplicationContext(583)] Refreshing org.springframework.context.annotation.AnnotationConfigApplicationContext@1ce61929: startup date [Fri Feb 15 18:02:57 CST 2019]; root of context hierarchy
[2019-02-15 18:02:58:337] [INFO ] [background-preinit] [pay-merchant-service] [org.hibernate.validator.internal.util.Version(30)] HV000001: Hibernate Validator 5.3.5.Final
[2019-02-15 18:02:58:937] [INFO ] [main] [pay-merchant-service] [org.springframework.beans.factory.annotation.AutowiredAnnotationBeanPostProcessor(155)] JSR-330 'javax.inject.Inject' annotation found and supported for autowiring
[2019-02-15 18:02:59:093] [INFO ] [main] [pay-merchant-service] [org.springframework.context.support.PostProcessorRegistrationDelegate$BeanPostProcessorChecker(325)] Bean 'configurationPropertiesRebinderAutoConfiguration' of type [org.springframework.cloud.autoconfigure.ConfigurationPropertiesRebinderAutoConfiguration$$EnhancerBySpringCGLIB$$ce1989f2] is not eligible for getting processed by all BeanPostProcessors (for example: not eligible for auto-proxying)
[2019-02-15 18:03:04:553] [INFO ] [main] [pay-merchant-service] [com.pay.merchant.client.MerchantApplication(597)] The following profiles are active: local
[2019-02-15 18:03:04:591] [INFO ] [main] [pay-merchant-service] [org.springframework.boot.context.embedded.AnnotationConfigEmbeddedWebApplicationContext(583)] Refreshing org.springframework.boot.context.embedded.AnnotationConfigEmbeddedWebApplicationContext@1aa99005: startup date [Fri Feb 15 18:03:04 CST 2019]; parent: org.springframework.context.annotation.AnnotationConfigApplicationContext@1ce61929
[2019-02-15 18:03:06:288] [INFO ] [main] [pay-merchant-service] [org.springframework.beans.factory.support.DefaultListableBeanFactory(828)] Overriding bean definition for bean 'systemInterceptor' with a different definition: replacing [Generic bean: class [com.pay.merchant.client.intercepter.SystemInterceptor]; scope=singleton; abstract=false; lazyInit=false; autowireMode=0; dependencyCheck=0; autowireCandidate=true; primary=false; factoryBeanName=null; factoryMethodName=null; initMethodName=null; destroyMethodName=null; defined in file [F:\pay-mmc-service\pay-merchant-client\target\classes\com\pay\merchant\client\intercepter\SystemInterceptor.class]] with [Root bean: class [null]; scope=; abstract=false; lazyInit=false; autowireMode=3; dependencyCheck=0; autowireCandidate=true; primary=false; factoryBeanName=webMvcConfig; factoryMethodName=systemInterceptor; initMethodName=null; destroyMethodName=(inferred); defined in class path resource [com/pay/merchant/client/config/WebMvcConfig.class]]
[2019-02-15 18:03:06:530] [INFO ] [main] [pay-merchant-service] [org.springframework.beans.factory.support.DefaultListableBeanFactory(828)] Overriding bean definition for bean 'stringRedisTemplate' with a different definition: replacing [Root bean: class [null]; scope=; abstract=false; lazyInit=false; autowireMode=3; dependencyCheck=0; autowireCandidate=true; primary=false; factoryBeanName=platRedisConfig; factoryMethodName=stringRedisTemplate; initMethodName=null; destroyMethodName=(inferred); defined in class path resource [com/pay/merchant/client/config/PlatRedisConfig.class]] with [Root bean: class [null]; scope=; abstract=false; lazyInit=false; autowireMode=3; dependencyCheck=0; autowireCandidate=true; primary=false; factoryBeanName=org.springframework.boot.autoconfigure.data.redis.RedisAutoConfiguration$RedisConfiguration; factoryMethodName=stringRedisTemplate; initMethodName=null; destroyMethodName=(inferred); defined in class path resource [org/springframework/boot/autoconfigure/data/redis/RedisAutoConfiguration$RedisConfiguration.class]]
[2019-02-15 18:03:06:595] [INFO ] [main] [pay-merchant-service] [org.springframework.data.repository.config.RepositoryConfigurationDelegate(165)] Multiple Spring Data modules found, entering strict repository configuration mode!
[2019-02-15 18:03:07:050] [INFO ] [main] [pay-merchant-service] [org.springframework.cloud.context.scope.GenericScope(263)] BeanFactory id=2c12999a-bc3c-37a0-90b0-29861bc10bc6
[2019-02-15 18:03:07:105] [INFO ] [main] [pay-merchant-service] [org.springframework.beans.factory.annotation.AutowiredAnnotationBeanPostProcessor(155)] JSR-330 'javax.inject.Inject' annotation found and supported for autowiring
[2019-02-15 18:03:07:527] [INFO ] [main] [pay-merchant-service] [org.springframework.context.support.PostProcessorRegistrationDelegate$BeanPostProcessorChecker(325)] Bean 'myBatisConfig' of type [com.pay.merchant.client.config.MyBatisConfig$$EnhancerBySpringCGLIB$$507723f3] is not eligible for getting processed by all BeanPostProcessors (for example: not eligible for auto-proxying)
[2019-02-15 18:03:07:558] [INFO ] [main] [pay-merchant-service] [com.zaxxer.hikari.HikariDataSource(70)] HikariPool-1 - Started.
[2019-02-15 18:03:11:018] [INFO ] [main] [pay-merchant-service] [org.springframework.context.support.PostProcessorRegistrationDelegate$BeanPostProcessorChecker(325)] Bean 'dataSource1' of type [com.zaxxer.hikari.HikariDataSource] is not eligible for getting processed by all BeanPostProcessors (for example: not eligible for auto-proxying)
[2019-02-15 18:03:11:043] [INFO ] [main] [pay-merchant-service] [org.springframework.context.support.PostProcessorRegistrationDelegate$BeanPostProcessorChecker(325)] Bean 'org.springframework.boot.autoconfigure.jdbc.DataSourceAutoConfiguration' of type [org.springframework.boot.autoconfigure.jdbc.DataSourceAutoConfiguration$$EnhancerBySpringCGLIB$$93f32a55] is not eligible for getting processed by all BeanPostProcessors (for example: not eligible for auto-proxying)
[2019-02-15 18:03:11:162] [INFO ] [main] [pay-merchant-service] [org.springframework.context.support.PostProcessorRegistrationDelegate$BeanPostProcessorChecker(325)] Bean 'spring.datasource-org.springframework.boot.autoconfigure.jdbc.DataSourceProperties' of type [org.springframework.boot.autoconfigure.jdbc.DataSourceProperties] is not eligible for getting processed by all BeanPostProcessors (for example: not eligible for auto-proxying)
[2019-02-15 18:03:11:241] [INFO ] [main] [pay-merchant-service] [org.springframework.context.support.PostProcessorRegistrationDelegate$BeanPostProcessorChecker(325)] Bean 'dataSourceInitializer' of type [org.springframework.boot.autoconfigure.jdbc.DataSourceInitializer] is not eligible for getting processed by all BeanPostProcessors (for example: not eligible for auto-proxying)
[2019-02-15 18:03:11:258] [INFO ] [main] [pay-merchant-service] [org.springframework.context.support.PostProcessorRegistrationDelegate$BeanPostProcessorChecker(325)] Bean 'org.springframework.transaction.annotation.ProxyTransactionManagementConfiguration' of type [org.springframework.transaction.annotation.ProxyTransactionManagementConfiguration$$EnhancerBySpringCGLIB$$b1ff86f5] is not eligible for getting processed by all BeanPostProcessors (for example: not eligible for auto-proxying)
[2019-02-15 18:03:11:448] [INFO ] [main] [pay-merchant-service] [org.springframework.context.support.PostProcessorRegistrationDelegate$BeanPostProcessorChecker(325)] Bean 'org.springframework.cloud.autoconfigure.ConfigurationPropertiesRebinderAutoConfiguration' of type [org.springframework.cloud.autoconfigure.ConfigurationPropertiesRebinderAutoConfiguration$$EnhancerBySpringCGLIB$$ce1989f2] is not eligible for getting processed by all BeanPostProcessors (for example: not eligible for auto-proxying)
[2019-02-15 18:03:12:441] [INFO ] [main] [pay-merchant-service] [org.springframework.boot.context.embedded.tomcat.TomcatEmbeddedServletContainer(89)] Tomcat initialized with port(s): 8089 (http)
[2019-02-15 18:03:12:473] [INFO ] [main] [pay-merchant-service] [org.apache.catalina.core.StandardService(179)] Starting service [Tomcat]
[2019-02-15 18:03:12:478] [INFO ] [main] [pay-merchant-service] [org.apache.catalina.core.StandardEngine(179)] Starting Servlet Engine: Apache Tomcat/8.5.16
[2019-02-15 18:03:12:827] [INFO ] [localhost-startStop-1] [pay-merchant-service] [org.apache.catalina.core.ContainerBase.[Tomcat].[localhost].[/pay-merchant-server](179)] Initializing Spring embedded WebApplicationContext
[2019-02-15 18:03:12:828] [INFO ] [localhost-startStop-1] [pay-merchant-service] [org.springframework.web.context.ContextLoader(276)] Root WebApplicationContext: initialization completed in 8237 ms
[2019-02-15 18:03:13:363] [INFO ] [localhost-startStop-1] [pay-merchant-service] [org.springframework.boot.web.servlet.ServletRegistrationBean(190)] Mapping servlet: 'dispatcherServlet' to [/]
[2019-02-15 18:03:13:375] [INFO ] [localhost-startStop-1] [pay-merchant-service] [org.springframework.boot.web.servlet.FilterRegistrationBean(258)] Mapping filter: 'characterEncodingFilter' to: [/*]
[2019-02-15 18:03:13:376] [INFO ] [localhost-startStop-1] [pay-merchant-service] [org.springframework.boot.web.servlet.FilterRegistrationBean(258)] Mapping filter: 'hiddenHttpMethodFilter' to: [/*]
[2019-02-15 18:03:13:376] [INFO ] [localhost-startStop-1] [pay-merchant-service] [org.springframework.boot.web.servlet.FilterRegistrationBean(258)] Mapping filter: 'httpPutFormContentFilter' to: [/*]
[2019-02-15 18:03:13:377] [INFO ] [localhost-startStop-1] [pay-merchant-service] [org.springframework.boot.web.servlet.FilterRegistrationBean(258)] Mapping filter: 'requestContextFilter' to: [/*]
[2019-02-15 18:03:13:377] [INFO ] [localhost-startStop-1] [pay-merchant-service] [org.springframework.boot.web.servlet.FilterRegistrationBean(258)] Mapping filter: 'corsFilter' to: [/*]
[2019-02-15 18:03:15:227] [INFO ] [main] [pay-merchant-service] [org.springframework.web.servlet.mvc.method.annotation.RequestMappingHandlerMapping(543)] Mapped "{[/]}" onto public java.lang.String com.pay.merchant.client.controller.IndexController.index()
[2019-02-15 18:03:15:235] [INFO ] [main] [pay-merchant-service] [org.springframework.web.servlet.mvc.method.annotation.RequestMappingHandlerMapping(543)] Mapped "{[/user/test],methods=[POST],produces=[application/json;charset=UTF-8]}" onto public com.pay.common.entity.result.Result com.pay.merchant.client.controller.UserController.getOrderInfo(com.pay.merchant.client.controller.UserVo)
[2019-02-15 18:03:15:237] [INFO ] [main] [pay-merchant-service] [org.springframework.web.servlet.mvc.method.annotation.RequestMappingHandlerMapping(543)] Mapped "{[/v2/api-docs],methods=[GET],produces=[application/json || application/hal+json]}" onto public org.springframework.http.ResponseEntity<springfox.documentation.spring.web.json.Json> springfox.documentation.swagger2.web.Swagger2Controller.getDocumentation(java.lang.String,javax.servlet.http.HttpServletRequest)
[2019-02-15 18:03:15:242] [INFO ] [main] [pay-merchant-service] [org.springframework.web.servlet.mvc.method.annotation.RequestMappingHandlerMapping(543)] Mapped "{[/swagger-resources/configuration/security]}" onto org.springframework.http.ResponseEntity<springfox.documentation.swagger.web.SecurityConfiguration> springfox.documentation.swagger.web.ApiResourceController.securityConfiguration()
[2019-02-15 18:03:15:245] [INFO ] [main] [pay-merchant-service] [org.springframework.web.servlet.mvc.method.annotation.RequestMappingHandlerMapping(543)] Mapped "{[/swagger-resources/configuration/ui]}" onto org.springframework.http.ResponseEntity<springfox.documentation.swagger.web.UiConfiguration> springfox.documentation.swagger.web.ApiResourceController.uiConfiguration()
[2019-02-15 18:03:15:247] [INFO ] [main] [pay-merchant-service] [org.springframework.web.servlet.mvc.method.annotation.RequestMappingHandlerMapping(543)] Mapped "{[/swagger-resources]}" onto org.springframework.http.ResponseEntity<java.util.List<springfox.documentation.swagger.web.SwaggerResource>> springfox.documentation.swagger.web.ApiResourceController.swaggerResources()
[2019-02-15 18:03:15:252] [INFO ] [main] [pay-merchant-service] [org.springframework.web.servlet.mvc.method.annotation.RequestMappingHandlerMapping(543)] Mapped "{[/error]}" onto public org.springframework.http.ResponseEntity<java.util.Map<java.lang.String, java.lang.Object>> org.springframework.boot.autoconfigure.web.BasicErrorController.error(javax.servlet.http.HttpServletRequest)
[2019-02-15 18:03:15:254] [INFO ] [main] [pay-merchant-service] [org.springframework.web.servlet.mvc.method.annotation.RequestMappingHandlerMapping(543)] Mapped "{[/error],produces=[text/html]}" onto public org.springframework.web.servlet.ModelAndView org.springframework.boot.autoconfigure.web.BasicErrorController.errorHtml(javax.servlet.http.HttpServletRequest,javax.servlet.http.HttpServletResponse)
[2019-02-15 18:03:16:460] [INFO ] [main] [pay-merchant-service] [org.springframework.web.servlet.mvc.method.annotation.RequestMappingHandlerAdapter(534)] Looking for @ControllerAdvice: org.springframework.boot.context.embedded.AnnotationConfigEmbeddedWebApplicationContext@1aa99005: startup date [Fri Feb 15 18:03:04 CST 2019]; parent: org.springframework.context.annotation.AnnotationConfigApplicationContext@1ce61929
[2019-02-15 18:03:16:652] [INFO ] [main] [pay-merchant-service] [org.springframework.web.servlet.handler.SimpleUrlHandlerMapping(362)] Mapped URL path [/webjars/**] onto handler of type [class org.springframework.web.servlet.resource.ResourceHttpRequestHandler]
[2019-02-15 18:03:16:653] [INFO ] [main] [pay-merchant-service] [org.springframework.web.servlet.handler.SimpleUrlHandlerMapping(362)] Mapped URL path [/**] onto handler of type [class org.springframework.web.servlet.resource.ResourceHttpRequestHandler]
[2019-02-15 18:03:16:708] [INFO ] [main] [pay-merchant-service] [org.springframework.web.servlet.mvc.method.annotation.ExceptionHandlerExceptionResolver(273)] Detected @ExceptionHandler methods in customerExceptionHandler
[2019-02-15 18:03:16:809] [INFO ] [main] [pay-merchant-service] [org.springframework.web.servlet.handler.SimpleUrlHandlerMapping(362)] Mapped URL path [/**/favicon.ico] onto handler of type [class org.springframework.web.servlet.resource.ResourceHttpRequestHandler]
[2019-02-15 18:03:17:935] [INFO ] [main] [pay-merchant-service] [com.netflix.config.sources.URLConfigurationSource(122)] To enable URLs as dynamic configuration sources, define System property archaius.configurationSource.additionalUrls or make config.properties available on classpath.
[2019-02-15 18:03:17:949] [INFO ] [main] [pay-merchant-service] [com.netflix.config.sources.URLConfigurationSource(122)] To enable URLs as dynamic configuration sources, define System property archaius.configurationSource.additionalUrls or make config.properties available on classpath.
[2019-02-15 18:03:18:682] [INFO ] [main] [pay-merchant-service] [org.springframework.jmx.export.annotation.AnnotationMBeanExporter(431)] Registering beans for JMX exposure on startup
[2019-02-15 18:03:18:685] [INFO ] [main] [pay-merchant-service] [org.springframework.jmx.export.annotation.AnnotationMBeanExporter(916)] Bean with name 'dataSource1' has been autodetected for JMX exposure
[2019-02-15 18:03:18:706] [INFO ] [main] [pay-merchant-service] [org.springframework.jmx.export.annotation.AnnotationMBeanExporter(916)] Bean with name 'configurationPropertiesRebinder' has been autodetected for JMX exposure
[2019-02-15 18:03:18:707] [INFO ] [main] [pay-merchant-service] [org.springframework.jmx.export.annotation.AnnotationMBeanExporter(916)] Bean with name 'refreshScope' has been autodetected for JMX exposure
[2019-02-15 18:03:18:708] [INFO ] [main] [pay-merchant-service] [org.springframework.jmx.export.annotation.AnnotationMBeanExporter(916)] Bean with name 'environmentManager' has been autodetected for JMX exposure
[2019-02-15 18:03:18:713] [INFO ] [main] [pay-merchant-service] [org.springframework.jmx.export.annotation.AnnotationMBeanExporter(678)] Located managed bean 'environmentManager': registering with JMX server as MBean [org.springframework.cloud.context.environment:name=environmentManager,type=EnvironmentManager]
[2019-02-15 18:03:18:741] [INFO ] [main] [pay-merchant-service] [org.springframework.jmx.export.annotation.AnnotationMBeanExporter(678)] Located managed bean 'refreshScope': registering with JMX server as MBean [org.springframework.cloud.context.scope.refresh:name=refreshScope,type=RefreshScope]
[2019-02-15 18:03:18:797] [INFO ] [main] [pay-merchant-service] [org.springframework.jmx.export.annotation.AnnotationMBeanExporter(678)] Located managed bean 'configurationPropertiesRebinder': registering with JMX server as MBean [org.springframework.cloud.context.properties:name=configurationPropertiesRebinder,context=1aa99005,type=ConfigurationPropertiesRebinder]
[2019-02-15 18:03:18:819] [INFO ] [main] [pay-merchant-service] [org.springframework.jmx.export.annotation.AnnotationMBeanExporter(671)] Located MBean 'dataSource1': registering with JMX server as MBean [com.zaxxer.hikari:name=dataSource1,type=HikariDataSource]
[2019-02-15 18:03:18:966] [INFO ] [main] [pay-merchant-service] [org.springframework.context.support.DefaultLifecycleProcessor(343)] Starting beans in phase 2147483647
[2019-02-15 18:03:18:967] [INFO ] [main] [pay-merchant-service] [springfox.documentation.spring.web.plugins.DocumentationPluginsBootstrapper(120)] Context refreshed
[2019-02-15 18:03:19:019] [INFO ] [main] [pay-merchant-service] [springfox.documentation.spring.web.plugins.DocumentationPluginsBootstrapper(123)] Found 1 custom documentation plugin(s)
[2019-02-15 18:03:19:061] [INFO ] [main] [pay-merchant-service] [springfox.documentation.spring.web.scanners.ApiListingReferenceScanner(41)] Scanning for api listing references
[2019-02-15 18:03:19:434] [INFO ] [main] [pay-merchant-service] [org.apache.coyote.http11.Http11NioProtocol(179)] Initializing ProtocolHandler ["http-nio-8089"]
[2019-02-15 18:03:19:455] [INFO ] [main] [pay-merchant-service] [org.apache.coyote.http11.Http11NioProtocol(179)] Starting ProtocolHandler ["http-nio-8089"]
[2019-02-15 18:03:19:481] [INFO ] [main] [pay-merchant-service] [org.apache.tomcat.util.net.NioSelectorPool(179)] Using a shared selector for servlet write/read
[2019-02-15 18:03:19:522] [INFO ] [main] [pay-merchant-service] [org.springframework.boot.context.embedded.tomcat.TomcatEmbeddedServletContainer(201)] Tomcat started on port(s): 8089 (http)
[2019-02-15 18:03:19:530] [INFO ] [main] [pay-merchant-service] [com.pay.merchant.client.MerchantApplication(57)] Started MerchantApplication in 26.0 seconds (JVM running for 30.639)
